<?xml version="1.0" encoding="UTF-8"?>
<testsuite xmlns:xsi="http://www.w3.org/2001/XMLSchema-instance" xsi:noNamespaceSchemaLocation="https://maven.apache.org/surefire/maven-surefire-plugin/xsd/surefire-test-report.xsd" version="3.0.2" name="cl.bookpointchile.logistica.service.LogisticaServiceImplTest" time="0.359" tests="12" errors="0" skipped="0" failures="0" flakes="0">
  <properties>
[...]
</properties>
  <testcase name="actualizarEstadoDePendienteAEnRuta_actualizaCorrectamente" classname="cl.bookpointchile.logistica.service.LogisticaServiceImplTest" time="0.29">
    <system-out><![CDATA[2026-06-15T11:29:06.879-04:00  INFO 8636 --- [ms-logistica] [           main] c.b.l.service.LogisticaServiceImpl       : Solicitud de cambio de estado para Envío ID: 1. Estado objetivo: EN_RUTA
2026-06-15T11:29:06.881-04:00  INFO 8636 --- [ms-logistica] [           main] c.b.l.service.LogisticaServiceImpl       : Estado de despacho ID 1 actualizado con éxito: PENDIENTE -> EN_RUTA
]]></system-out>
  </testcase>
  <testcase name="crearEnvioConVentaDuplicada_lanzaTransicionEstadoInvalida" classname="cl.bookpointchile.logistica.service.LogisticaServiceImplTest" time="0.007">
    <system-out><![CDATA[2026-06-15T11:29:06.902-04:00  INFO 8636 --- [ms-logistica] [           main] c.b.l.service.LogisticaServiceImpl       : Iniciando creación de envío para Venta ID: 100, Destino: 'Calle 1'
2026-06-15T11:29:06.902-04:00  WARN 8636 --- [ms-logistica] [           main] c.b.l.service.LogisticaServiceImpl       : Intento de envío duplicado. Venta ID 100 ya tiene despacho registrado.
]]></system-out>
  </testcase>
  <testcase name="actualizarEstadoTransicionInvalida_pendienteAEntregado_lanzaExcepcion" classname="cl.bookpointchile.logistica.service.LogisticaServiceImplTest" time="0.004">
    <system-out><![CDATA[2026-06-15T11:29:06.907-04:00  INFO 8636 --- [ms-logistica] [           main] c.b.l.service.LogisticaServiceImpl       : Solicitud de cambio de estado para Envío ID: 1. Estado objetivo: ENTREGADO
2026-06-15T11:29:06.908-04:00  WARN 8636 --- [ms-logistica] [           main] c.b.l.service.LogisticaServiceImpl       : Transición denegada para envío ID 1: de PENDIENTE a ENTREGADO
]]></system-out>
  </testcase>
  <testcase name="actualizarEstadoMismoEstado_noGuardaCambios" classname="cl.bookpointchile.logistica.service.LogisticaServiceImplTest" time="0.004">
    <system-out><![CDATA[2026-06-15T11:29:06.913-04:00  INFO 8636 --- [ms-logistica] [           main] c.b.l.service.LogisticaServiceImpl       : Solicitud de cambio de estado para Envío ID: 1. Estado objetivo: PENDIENTE
2026-06-15T11:29:06.913-04:00  INFO 8636 --- [ms-logistica] [           main] c.b.l.service.LogisticaServiceImpl       : El envío ID 1 ya se encuentra en estado PENDIENTE. Sin cambios.
]]></system-out>
  </testcase>
  <testcase name="crearEnvioSinRutaId_asignaRutaPorComunaHualpen" classname="cl.bookpointchile.logistica.service.LogisticaServiceImplTest" time="0.006">
    <system-out><![CDATA[2026-06-15T11:29:06.920-04:00  INFO 8636 --- [ms-logistica] [           main] c.b.l.service.LogisticaServiceImpl       : Iniciando creación de envío para Venta ID: 101, Destino: 'Pasaje Los Aromos 45, Hualpén'
2026-06-15T11:29:06.921-04:00  INFO 8636 --- [ms-logistica] [           main] c.b.l.service.LogisticaServiceImpl       : Despacho registrado con éxito. ID Asignado: 2, Estado inicial: PENDIENTE, Ruta: 'Hualpén'
]]></system-out>
  </testcase>
  <testcase name="actualizarEstadoEnvioInexistente_lanzaResourceNotFound" classname="cl.bookpointchile.logistica.service.LogisticaServiceImplTest" time="0.004">
    <system-out><![CDATA[2026-06-15T11:29:06.924-04:00  INFO 8636 --- [ms-logistica] [           main] c.b.l.service.LogisticaServiceImpl       : Solicitud de cambio de estado para Envío ID: 99. Estado objetivo: EN_RUTA
2026-06-15T11:29:06.925-04:00 ERROR 8636 --- [ms-logistica] [           main] c.b.l.service.LogisticaServiceImpl       : Actualización fallida: Envío ID 99 no existe.
]]></system-out>
  </testcase>
  <testcase name="obtenerEnvioPorVentaIdExistente_retornaDespacho" classname="cl.bookpointchile.logistica.service.LogisticaServiceImplTest" time="0.005">
    <system-out><![CDATA[2026-06-15T11:29:06.930-04:00  INFO 8636 --- [ms-logistica] [           main] c.b.l.service.LogisticaServiceImpl       : Buscando despacho asociado a la Venta ID: 5001
]]></system-out>
  </testcase>
  <testcase name="obtenerEnvioPorVentaIdInexistente_lanzaResourceNotFound" classname="cl.bookpointchile.logistica.service.LogisticaServiceImplTest" time="0.004">
    <system-out><![CDATA[2026-06-15T11:29:06.936-04:00  INFO 8636 --- [ms-logistica] [           main] c.b.l.service.LogisticaServiceImpl       : Buscando despacho asociado a la Venta ID: 9999
2026-06-15T11:29:06.937-04:00 ERROR 8636 --- [ms-logistica] [           main] c.b.l.service.LogisticaServiceImpl       : No se encontró envío para la Venta ID: 9999
]]></system-out>
  </testcase>
  <testcase name="actualizarEstadoDeEnvioEntregado_noPermiteCambios" classname="cl.bookpointchile.logistica.service.LogisticaServiceImplTest" time="0.004">
    <system-out><![CDATA[2026-06-15T11:29:06.941-04:00  INFO 8636 --- [ms-logistica] [           main] c.b.l.service.LogisticaServiceImpl       : Solicitud de cambio de estado para Envío ID: 1. Estado objetivo: DEVUELTO
2026-06-15T11:29:06.941-04:00  WARN 8636 --- [ms-logistica] [           main] c.b.l.service.LogisticaServiceImpl       : Transición denegada: Envío ID 1 ya está en estado final ENTREGADO.
]]></system-out>
  </testcase>
  <testcase name="crearEnvioConOrigenNoOperativo_lanzaOrigenNoDisponible" classname="cl.bookpointchile.logistica.service.LogisticaServiceImplTest" time="0.008">
    <system-out><![CDATA[2026-06-15T11:29:06.947-04:00  INFO 8636 --- [ms-logistica] [           main] c.b.l.service.LogisticaServiceImpl       : Iniciando creación de envío para Venta ID: 102, Destino: 'Av. Colón 3200, Talcahuano'
2026-06-15T11:29:06.949-04:00  WARN 8636 --- [ms-logistica] [           main] c.b.l.service.LogisticaServiceImpl       : La sucursal de origen 'Bodega Central Concepción' de la ruta 'Hualpén' no está operativa o no fue encontrada en ms-sucursales.
]]></system-out>
  </testcase>
  <testcase name="crearEnvioConRutaIdExplicita_guardaYRetornaDespacho" classname="cl.bookpointchile.logistica.service.LogisticaServiceImplTest" time="0.005">
    <system-out><![CDATA[2026-06-15T11:29:06.956-04:00  INFO 8636 --- [ms-logistica] [           main] c.b.l.service.LogisticaServiceImpl       : Iniciando creación de envío para Venta ID: 100, Destino: 'Av. Siempre Viva 123, Hualpén'
2026-06-15T11:29:06.957-04:00  INFO 8636 --- [ms-logistica] [           main] c.b.l.service.LogisticaServiceImpl       : Despacho registrado con éxito. ID Asignado: 1, Estado inicial: PENDIENTE, Ruta: 'Hualpén'
]]></system-out>
  </testcase>
  <testcase name="crearEnvioConRutaIdInexistente_lanzaResourceNotFound" classname="cl.bookpointchile.logistica.service.LogisticaServiceImplTest" time="0.004">
    <system-out><![CDATA[2026-06-15T11:29:06.962-04:00  INFO 8636 --- [ms-logistica] [           main] c.b.l.service.LogisticaServiceImpl       : Iniciando creación de envío para Venta ID: 100, Destino: 'Calle 1'
]]></system-out>
  </testcase>
</testsuite>