<?xml version="1.0" encoding="UTF-8"?>
<testsuite xmlns:xsi="http://www.w3.org/2001/XMLSchema-instance" xsi:noNamespaceSchemaLocation="https://maven.apache.org/surefire/maven-surefire-plugin/xsd/surefire-test-report.xsd" version="3.0.2" name="cl.bookpointchile.facturacion.controller.FacturacionControllerTest" time="8.346" tests="5" errors="0" skipped="0" failures="0" flakes="0">
  <properties>
[...]
</properties>
  <testcase name="emitirDocumento_retorna201" classname="cl.bookpointchile.facturacion.controller.FacturacionControllerTest" time="0.964">
    <system-out><![CDATA[11:41:24.846 [main] INFO org.springframework.test.context.support.AnnotationConfigContextLoaderUtils -- Could not detect default configuration classes for test class [cl.bookpointchile.facturacion.controller.FacturacionControllerTest]: FacturacionControllerTest does not declare any static, non-private, non-final, nested classes annotated with @Configuration.
11:41:25.270 [main] INFO org.springframework.boot.test.context.SpringBootTestContextBootstrapper -- Found @SpringBootConfiguration cl.bookpointchile.facturacion.FacturacionApplication for test class cl.bookpointchile.facturacion.controller.FacturacionControllerTest
11:41:25.278 [main] INFO org.springframework.test.context.support.AnnotationConfigContextLoaderUtils -- Could not detect default configuration classes for test class [cl.bookpointchile.facturacion.controller.FacturacionControllerTest]: FacturacionControllerTest does not declare any static, non-private, non-final, nested classes annotated with @Configuration.
11:41:25.313 [main] INFO org.springframework.boot.test.context.SpringBootTestContextBootstrapper -- Found @SpringBootConfiguration cl.bookpointchile.facturacion.FacturacionApplication for test class cl.bookpointchile.facturacion.controller.FacturacionControllerTest

  .   ____          _            __ _ _
 /\\ / ___'_ __ _ _(_)_ __  __ _ \ \ \ \
( ( )\___ | '_ | '_| | '_ \/ _` | \ \ \ \
 \\/  ___)| |_)| | | | | || (_| |  ) ) ) )
  '  |____| .__|_| |_|_| |_\__, | / / / /
 =========|_|==============|___/=/_/_/_/

 :: Spring Boot ::                (v4.0.6)

2026-06-15T11:41:26.962-04:00  INFO 8084 --- [ms-facturacion] [           main] c.b.f.c.FacturacionControllerTest        : Starting FacturacionControllerTest using Java 25.0.1 with PID 8084 (started by Matias in C:\Users\Matias\Desktop\Proyectos_fs1\Bookpoint_fs1\ms-facturacion)
2026-06-15T11:41:26.965-04:00  INFO 8084 --- [ms-facturacion] [           main] c.b.f.c.FacturacionControllerTest        : The following 1 profile is active: "test"
2026-06-15T11:41:31.324-04:00  INFO 8084 --- [ms-facturacion] [           main] o.s.b.t.m.w.SpringBootMockServletContext : Initializing Spring TestDispatcherServlet ''
2026-06-15T11:41:31.325-04:00  INFO 8084 --- [ms-facturacion] [           main] o.s.t.web.servlet.TestDispatcherServlet  : Initializing Servlet ''
2026-06-15T11:41:31.331-04:00  INFO 8084 --- [ms-facturacion] [           main] o.s.t.web.servlet.TestDispatcherServlet  : Completed initialization in 5 ms
2026-06-15T11:41:31.413-04:00  INFO 8084 --- [ms-facturacion] [           main] c.b.f.c.FacturacionControllerTest        : Started FacturacionControllerTest in 5.41 seconds (process running for 9.398)
]]></system-out>
    <system-err><![CDATA[Mockito is currently self-attaching to enable the inline-mock-maker. This will no longer work in future releases of the JDK. Please add Mockito as an agent to your build as described in Mockito's documentation: https://javadoc.io/doc/org.mockito/mockito-core/latest/org.mockito/org/mockito/Mockito.html#0.3
WARNING: A Java agent has been loaded dynamically (C:\Users\Matias\.m2\repository\net\bytebuddy\byte-buddy-agent\1.17.8\byte-buddy-agent-1.17.8.jar)
WARNING: If a serviceability tool is in use, please run with -XX:+EnableDynamicAgentLoading to hide this warning
WARNING: If a serviceability tool is not in use, please run with -Djdk.instrument.traceUsage for more information
WARNING: Dynamic loading of agents will be disallowed by default in a future release
]]></system-err>
  </testcase>
  <testcase name="obtenerPorFolioVenta_retorna200" classname="cl.bookpointchile.facturacion.controller.FacturacionControllerTest" time="0.049"/>
  <testcase name="obtenerTodos_retorna200" classname="cl.bookpointchile.facturacion.controller.FacturacionControllerTest" time="0.033"/>
  <testcase name="emitirDocumentoInvalido_retorna400" classname="cl.bookpointchile.facturacion.controller.FacturacionControllerTest" time="0.082"/>
  <testcase name="obtenerPorFolioVentaInexistente_retorna404" classname="cl.bookpointchile.facturacion.controller.FacturacionControllerTest" time="0.033"/>
</testsuite>