<?xml version="1.0" encoding="UTF-8"?>
<testsuite xmlns:xsi="http://www.w3.org/2001/XMLSchema-instance" xsi:noNamespaceSchemaLocation="https://maven.apache.org/surefire/maven-surefire-plugin/xsd/surefire-test-report.xsd" version="3.0.2" name="cl.bookpointchile.sucursales.service.SucursalServiceImplTest" time="0.348" tests="8" errors="0" skipped="0" failures="0" flakes="0">
  <properties>
[...]
</properties>
  <testcase name="obtenerPorIdExistente_retornaSucursal" classname="cl.bookpointchile.sucursales.service.SucursalServiceImplTest" time="0.283">
    <system-out><![CDATA[2026-06-15T11:46:23.098-04:00  INFO 22116 --- [ms-sucursales] [           main] c.b.s.service.SucursalServiceImpl        : Buscando sucursal por ID: 1
]]></system-out>
  </testcase>
  <testcase name="actualizarSucursal_actualizaCampos" classname="cl.bookpointchile.sucursales.service.SucursalServiceImplTest" time="0.01">
    <system-out><![CDATA[2026-06-15T11:46:23.120-04:00  INFO 22116 --- [ms-sucursales] [           main] c.b.s.service.SucursalServiceImpl        : Solicitud de actualización para la sucursal ID: 1
2026-06-15T11:46:23.122-04:00  INFO 22116 --- [ms-sucursales] [           main] c.b.s.service.SucursalServiceImpl        : Sucursal ID 1 actualizada con éxito. Horario: 'L-V 09:00-18:00'
]]></system-out>
  </testcase>
  <testcase name="crearSucursalNombreDuplicado_lanzaExcepcion" classname="cl.bookpointchile.sucursales.service.SucursalServiceImplTest" time="0.017">
    <system-out><![CDATA[2026-06-15T11:46:23.131-04:00  INFO 22116 --- [ms-sucursales] [           main] c.b.s.service.SucursalServiceImpl        : Iniciando la inauguración de una nueva sucursal: 'Sucursal Centro'
2026-06-15T11:46:23.131-04:00  WARN 22116 --- [ms-sucursales] [           main] c.b.s.service.SucursalServiceImpl        : Registro rechazado: Ya existe una sucursal con el nombre 'Sucursal Centro'
]]></system-out>
  </testcase>
  <testcase name="obtenerPorIdInexistente_lanzaNoEncontrada" classname="cl.bookpointchile.sucursales.service.SucursalServiceImplTest" time="0.005">
    <system-out><![CDATA[2026-06-15T11:46:23.147-04:00  INFO 22116 --- [ms-sucursales] [           main] c.b.s.service.SucursalServiceImpl        : Buscando sucursal por ID: 99
2026-06-15T11:46:23.147-04:00  WARN 22116 --- [ms-sucursales] [           main] c.b.s.service.SucursalServiceImpl        : Sucursal con ID 99 no encontrada.
]]></system-out>
  </testcase>
  <testcase name="actualizarSucursalConNombreYaUsado_lanzaDuplicado" classname="cl.bookpointchile.sucursales.service.SucursalServiceImplTest" time="0.006">
    <system-out><![CDATA[2026-06-15T11:46:23.153-04:00  INFO 22116 --- [ms-sucursales] [           main] c.b.s.service.SucursalServiceImpl        : Solicitud de actualización para la sucursal ID: 1
2026-06-15T11:46:23.154-04:00  WARN 22116 --- [ms-sucursales] [           main] c.b.s.service.SucursalServiceImpl        : Actualización fallida: Nombre 'Otra Sucursal' ya está en uso por otra sucursal.
]]></system-out>
  </testcase>
  <testcase name="obtenerTodas_retornaLista" classname="cl.bookpointchile.sucursales.service.SucursalServiceImplTest" time="0.006">
    <system-out><![CDATA[2026-06-15T11:46:23.159-04:00  INFO 22116 --- [ms-sucursales] [           main] c.b.s.service.SucursalServiceImpl        : Obteniendo listado completo de sedes operativas.
]]></system-out>
  </testcase>
  <testcase name="crearSucursal_guardaYAplicaDefaults" classname="cl.bookpointchile.sucursales.service.SucursalServiceImplTest" time="0.006">
    <system-out><![CDATA[2026-06-15T11:46:23.167-04:00  INFO 22116 --- [ms-sucursales] [           main] c.b.s.service.SucursalServiceImpl        : Iniciando la inauguración de una nueva sucursal: 'Sucursal Centro'
2026-06-15T11:46:23.168-04:00  INFO 22116 --- [ms-sucursales] [           main] c.b.s.service.SucursalServiceImpl        : Sucursal 'Sucursal Centro' inaugurada de manera exitosa. ID asignado: 1
]]></system-out>
  </testcase>
  <testcase name="actualizarSucursalInexistente_lanzaNoEncontrada" classname="cl.bookpointchile.sucursales.service.SucursalServiceImplTest" time="0.005">
    <system-out><![CDATA[2026-06-15T11:46:23.174-04:00  INFO 22116 --- [ms-sucursales] [           main] c.b.s.service.SucursalServiceImpl        : Solicitud de actualización para la sucursal ID: 99
2026-06-15T11:46:23.174-04:00  WARN 22116 --- [ms-sucursales] [           main] c.b.s.service.SucursalServiceImpl        : Actualización fallida: Sucursal ID 99 no existe.
]]></system-out>
  </testcase>
</testsuite>